<?xml version="1.0" encoding="UTF-8"?>
<!-- Generated by org.testng.reporters.JUnitReportReporter -->
<testsuite hostname="Lalithas-MacBook-Air.local" failures="0" tests="3" name="pageObjects.Buganizer_Test" time="6.245" errors="0" timestamp="2021-10-11T14:00:43 PDT" skipped="0">
  <testcase classname="pageObjects.Buganizer_Test" name="ch" time="3.395"/>
  <system-out/>
  <testcase classname="pageObjects.Buganizer_Test" name="ch1" time="2.790"/>
  <system-out/>
  <testcase classname="pageObjects.Buganizer_Test" name="ch2" time="0.060"/>
  <system-out/>
</testsuite> <!-- pageObjects.Buganizer_Test -->
