<?xml version="1.0" encoding="UTF-8"?>
<!-- Generated by org.testng.reporters.JUnitReportReporter -->
<testsuite hostname="Lalithas-MacBook-Air.local" failures="0" tests="1" name="testBase.Homepage_Test" time="3.302" errors="0" timestamp="2021-06-23T16:40:28 PDT" skipped="0">
  <testcase classname="testBase.Homepage_Test" name="test_Homepage" time="3.302"/>
  <system-out/>
</testsuite> <!-- testBase.Homepage_Test -->
