<?xml version="1.0" encoding="UTF-8"?>
<!-- Generated by org.testng.reporters.JUnitReportReporter -->
<testsuite hostname="Lalithas-MacBook-Air.local" failures="0" tests="2" name="com.selenium.testNG.Second_TestNG" time="0.008" errors="0" timestamp="2021-05-24T21:34:23 PDT" skipped="0">
  <testcase classname="com.selenium.testNG.Second_TestNG" name="start" time="0.007"/>
  <system-out/>
  <testcase classname="com.selenium.testNG.Second_TestNG" name="stop" time="0.001"/>
  <system-out/>
</testsuite> <!-- com.selenium.testNG.Second_TestNG -->
