<?xml version="1.0" encoding="UTF-8"?>
<!-- Generated by org.testng.reporters.JUnitReportReporter -->
<testsuite hostname="Lalithas-MacBook-Air.local" failures="0" tests="3" name="com.selenium.testNG.First_TestNG" time="0.017" errors="0" timestamp="2021-05-25T18:33:41 PDT" skipped="0">
  <testcase classname="com.selenium.testNG.First_TestNG" name="teardown" time="0.002"/>
  <system-out/>
  <testcase classname="com.selenium.testNG.First_TestNG" name="login" time="0.011"/>
  <system-out/>
  <testcase classname="com.selenium.testNG.First_TestNG" name="setup" time="0.004"/>
  <system-out/>
</testsuite> <!-- com.selenium.testNG.First_TestNG -->
