<?xml version="1.0" encoding="UTF-8"?>
<!-- Generated by org.testng.reporters.JUnitReportReporter -->
<testsuite hostname="Lalithas-MacBook-Air.local" failures="0" tests="10" name="Opencart_All.Opencart_test" time="3.336" errors="0" timestamp="2021-06-22T21:54:44 PDT" skipped="0">
  <testcase classname="Opencart_All.Opencart_test" name="account_Reg" time="0.425"/>
  <system-out/>
  <testcase classname="Opencart_All.Opencart_test" name="register" time="0.865"/>
  <system-out/>
  <testcase classname="Opencart_All.Opencart_test" name="fName" time="0.244"/>
  <system-out/>
  <testcase classname="Opencart_All.Opencart_test" name="lName" time="0.073"/>
  <system-out/>
  <testcase classname="Opencart_All.Opencart_test" name="email" time="0.079"/>
  <system-out/>
  <testcase classname="Opencart_All.Opencart_test" name="teleph" time="0.206"/>
  <system-out/>
  <testcase classname="Opencart_All.Opencart_test" name="pass" time="0.117"/>
  <system-out/>
  <testcase classname="Opencart_All.Opencart_test" name="check_Box" time="0.310"/>
  <system-out/>
  <testcase classname="Opencart_All.Opencart_test" name="pass_Confirm" time="0.118"/>
  <system-out/>
  <testcase classname="Opencart_All.Opencart_test" name="con" time="0.899"/>
  <system-out/>
</testsuite> <!-- Opencart_All.Opencart_test -->
