<?xml version="1.0" encoding="UTF-8"?>
<!-- Generated by org.testng.reporters.JUnitReportReporter -->
<testsuite hostname="Lalithas-MacBook-Air.local" failures="0" tests="1" name="TestNG_Params.Param_One" time="1.557" errors="0" timestamp="2021-05-29T10:29:02 PDT" skipped="0">
  <testcase classname="TestNG_Params.Param_One" name="setup" time="1.557"/>
  <system-out/>
</testsuite> <!-- TestNG_Params.Param_One -->
