<?xml version="1.0" encoding="UTF-8"?>
<!-- Generated by org.testng.reporters.JUnitReportReporter -->
<testsuite hostname="Lalithas-MacBook-Air.local" failures="0" tests="2" name="com.selenium.practice.TestNG.Annotations_All" time="0.015" errors="0" timestamp="2021-06-22T21:31:14 PDT" skipped="0">
  <testcase classname="com.selenium.practice.TestNG.Annotations_All" name="tapSearch" time="0.013"/>
  <system-out/>
  <testcase classname="com.selenium.practice.TestNG.Annotations_All" name="search" time="0.002"/>
  <system-out/>
</testsuite> <!-- com.selenium.practice.TestNG.Annotations_All -->
