<?xml version="1.0" encoding="UTF-8"?>
<!-- Generated by org.testng.reporters.JUnitReportReporter -->
<testsuite hostname="Lalithas-MacBook-Air.local" failures="0" tests="3" name="params_All.Param_One" time="15.424" errors="0" timestamp="2021-05-29T11:04:50 PDT" skipped="0">
  <testcase classname="params_All.Param_One" name="setup" time="4.833"/>
  <system-out/>
  <testcase classname="params_All.Param_One" name="setup" time="4.388"/>
  <system-out/>
  <testcase classname="params_All.Param_One" name="setup" time="6.203"/>
  <system-out/>
</testsuite> <!-- params_All.Param_One -->
