<?xml version="1.0" encoding="UTF-8"?>
<!-- Generated by org.testng.reporters.JUnitReportReporter -->
<testsuite hostname="Lalithas-MacBook-Air.local" failures="0" tests="2" name="com.selenium.practice.TestNG.Selenium1" time="7.297" errors="0" timestamp="2021-05-24T22:16:03 PDT" skipped="0">
  <testcase classname="com.selenium.practice.TestNG.Selenium1" name="login" time="6.748"/>
  <system-out/>
  <testcase classname="com.selenium.practice.TestNG.Selenium1" name="signin" time="0.549"/>
  <system-out/>
</testsuite> <!-- com.selenium.practice.TestNG.Selenium1 -->
