<?xml version="1.0" encoding="UTF-8"?>
<!-- Generated by org.testng.reporters.JUnitReportReporter -->
<testsuite hostname="Lalithas-MacBook-Air.local" failures="0" tests="5" name="pom.POM_test" time="2.052" errors="0" timestamp="2021-06-02T22:20:53 PDT" skipped="0">
  <testcase classname="pom.POM_test" name="testLogo" time="0.150"/>
  <system-out/>
  <testcase classname="pom.POM_test" name="user" time="0.321"/>
  <system-out/>
  <testcase classname="pom.POM_test" name="pass" time="0.127"/>
  <system-out/>
  <testcase classname="pom.POM_test" name="click" time="0.357"/>
  <system-out/>
  <testcase classname="pom.POM_test" name="closes" time="1.097"/>
  <system-out/>
</testsuite> <!-- pom.POM_test -->
