<?xml version="1.0" encoding="UTF-8"?>
<!-- Generated by org.testng.reporters.JUnitReportReporter -->
<testsuite hostname="Lalithas-MacBook-Air.local" failures="0" tests="2" name="extenetreports.Extentreport" time="0.226" errors="0" timestamp="2021-06-02T17:52:09 PDT" skipped="0">
  <testcase classname="extenetreports.Extentreport" name="testLogo" time="0.215"/>
  <system-out/>
  <testcase classname="extenetreports.Extentreport" name="testTilte" time="0.011"/>
  <system-out/>
</testsuite> <!-- extenetreports.Extentreport -->
